<?xml version="1.0" encoding="UTF-8"?>
<coverage generated="1769359989174" clover="3.2.0">
  <project timestamp="1769359989175" name="All files">
    <metrics statements="260" coveredstatements="205" conditionals="102" coveredconditionals="74" methods="44" coveredmethods="31" elements="406" coveredelements="310" complexity="0" loc="260" ncloc="260" packages="1" files="3" classes="3"/>
    <file name="index.ts" path="/home/louis/Bureau/Stealf/front-stealf/src/services/coldWallet/index.ts">
      <metrics statements="65" coveredstatements="63" conditionals="30" coveredconditionals="27" methods="13" coveredmethods="13"/>
      <line num="11" count="2" type="stmt"/>
      <line num="13" count="2" type="stmt"/>
      <line num="14" count="2" type="stmt"/>
      <line num="15" count="2" type="stmt"/>
      <line num="18" count="2" type="stmt"/>
      <line num="49" count="2" type="cond" truecount="0" falsecount="1"/>
      <line num="52" count="228" type="stmt"/>
      <line num="53" count="228" type="cond" truecount="2" falsecount="0"/>
      <line num="55" count="228" type="stmt"/>
      <line num="68" count="2" type="stmt"/>
      <line num="69" count="29" type="cond" truecount="4" falsecount="0"/>
      <line num="70" count="1" type="stmt"/>
      <line num="74" count="28" type="stmt"/>
      <line num="76" count="28" type="stmt"/>
      <line num="85" count="2" type="stmt"/>
      <line num="86" count="1" type="stmt"/>
      <line num="95" count="2" type="stmt"/>
      <line num="96" count="8" type="cond" truecount="4" falsecount="0"/>
      <line num="97" count="1" type="stmt"/>
      <line num="99" count="7" type="stmt"/>
      <line num="110" count="2" type="cond" truecount="1" falsecount="0"/>
      <line num="111" count="4" type="cond" truecount="4" falsecount="0"/>
      <line num="112" count="1" type="stmt"/>
      <line num="115" count="3" type="stmt"/>
      <line num="116" count="3" type="cond" truecount="1" falsecount="1"/>
      <line num="117" count="0" type="stmt"/>
      <line num="120" count="3" type="stmt"/>
      <line num="121" count="6144" type="stmt"/>
      <line num="134" count="2" type="stmt"/>
      <line num="139" count="15" type="cond" truecount="2" falsecount="0"/>
      <line num="140" count="1" type="stmt"/>
      <line num="144" count="14" type="stmt"/>
      <line num="147" count="14" type="stmt"/>
      <line num="150" count="14" type="stmt"/>
      <line num="154" count="14" type="stmt"/>
      <line num="155" count="14" type="stmt"/>
      <line num="157" count="14" type="stmt"/>
      <line num="171" count="2" type="stmt"/>
      <line num="175" count="17" type="stmt"/>
      <line num="176" count="17" type="stmt"/>
      <line num="178" count="17" type="cond" truecount="1" falsecount="1"/>
      <line num="179" count="0" type="stmt"/>
      <line num="183" count="17" type="stmt"/>
      <line num="184" count="17" type="stmt"/>
      <line num="185" count="60" type="stmt"/>
      <line num="186" count="60" type="cond" truecount="2" falsecount="0"/>
      <line num="187" count="53" type="stmt"/>
      <line num="192" count="62" type="stmt"/>
      <line num="194" count="17" type="stmt"/>
      <line num="196" count="53" type="stmt"/>
      <line num="207" count="2" type="stmt"/>
      <line num="211" count="7" type="cond" truecount="2" falsecount="0"/>
      <line num="212" count="1" type="stmt"/>
      <line num="214" count="3" type="stmt"/>
      <line num="218" count="6" type="stmt"/>
      <line num="220" count="6" type="stmt"/>
      <line num="221" count="18" type="stmt"/>
      <line num="222" count="18" type="stmt"/>
      <line num="224" count="18" type="cond" truecount="2" falsecount="0"/>
      <line num="225" count="4" type="stmt"/>
      <line num="229" count="6" type="stmt"/>
      <line num="236" count="2" type="stmt"/>
      <line num="249" count="2" type="stmt"/>
      <line num="250" count="2" type="stmt"/>
      <line num="252" count="2" type="stmt"/>
    </file>
    <file name="secureStorage.ts" path="/home/louis/Bureau/Stealf/front-stealf/src/services/coldWallet/secureStorage.ts">
      <metrics statements="174" coveredstatements="137" conditionals="72" coveredconditionals="47" methods="20" coveredmethods="18"/>
      <line num="9" count="4" type="stmt"/>
      <line num="10" count="4" type="stmt"/>
      <line num="11" count="4" type="stmt"/>
      <line num="12" count="4" type="stmt"/>
      <line num="13" count="4" type="stmt"/>
      <line num="14" count="4" type="stmt"/>
      <line num="17" count="4" type="stmt"/>
      <line num="28" count="4" type="stmt"/>
      <line num="29" count="4" type="stmt"/>
      <line num="30" count="4" type="stmt"/>
      <line num="64" count="12" type="stmt"/>
      <line num="65" count="12" type="stmt"/>
      <line num="66" count="12" type="stmt"/>
      <line num="73" count="25" type="stmt"/>
      <line num="74" count="968" type="stmt"/>
      <line num="82" count="1" type="stmt"/>
      <line num="83" count="1" type="stmt"/>
      <line num="84" count="32" type="stmt"/>
      <line num="86" count="1" type="stmt"/>
      <line num="94" count="13" type="stmt"/>
      <line num="95" count="13" type="stmt"/>
      <line num="98" count="13" type="stmt"/>
      <line num="107" count="13" type="stmt"/>
      <line num="118" count="13" type="stmt"/>
      <line num="125" count="7" type="stmt"/>
      <line num="126" count="7" type="stmt"/>
      <line num="133" count="6" type="stmt"/>
      <line num="135" count="6" type="stmt"/>
      <line num="143" count="6" type="stmt"/>
      <line num="149" count="6" type="stmt"/>
      <line num="159" count="0" type="stmt"/>
      <line num="160" count="0" type="stmt"/>
      <line num="162" count="0" type="stmt"/>
      <line num="170" count="0" type="stmt"/>
      <line num="176" count="0" type="stmt"/>
      <line num="182" count="4" type="stmt"/>
      <line num="183" count="13" type="stmt"/>
      <line num="184" count="13" type="stmt"/>
      <line num="185" count="13" type="cond" truecount="2" falsecount="0"/>
      <line num="191" count="4" type="stmt"/>
      <line num="192" count="5" type="stmt"/>
      <line num="194" count="5" type="cond" truecount="2" falsecount="0"/>
      <line num="195" count="2" type="stmt"/>
      <line num="197" count="3" type="cond" truecount="2" falsecount="0"/>
      <line num="198" count="1" type="stmt"/>
      <line num="200" count="2" type="cond" truecount="2" falsecount="0"/>
      <line num="201" count="1" type="stmt"/>
      <line num="204" count="1" type="stmt"/>
      <line num="210" count="4" type="stmt"/>
      <line num="211" count="5" type="stmt"/>
      <line num="212" count="5" type="stmt"/>
      <line num="213" count="5" type="stmt"/>
      <line num="216" count="5" type="cond" truecount="2" falsecount="0"/>
      <line num="217" count="2" type="stmt"/>
      <line num="218" count="2" type="stmt"/>
      <line num="222" count="5" type="cond" truecount="1" falsecount="1"/>
      <line num="225" count="0" type="cond" truecount="0" falsecount="2"/>
      <line num="226" count="0" type="cond" truecount="0" falsecount="2"/>
      <line num="228" count="0" type="cond" truecount="0" falsecount="4"/>
      <line num="229" count="0" type="stmt"/>
      <line num="236" count="5" type="cond" truecount="1" falsecount="1"/>
      <line num="245" count="5" type="stmt"/>
      <line num="247" count="5" type="cond" truecount="1" falsecount="1"/>
      <line num="248" count="0" type="stmt"/>
      <line num="249" count="0" type="stmt"/>
      <line num="250" count="5" type="cond" truecount="2" falsecount="0"/>
      <line num="251" count="2" type="stmt"/>
      <line num="252" count="2" type="stmt"/>
      <line num="255" count="5" type="stmt"/>
      <line num="267" count="4" type="stmt"/>
      <line num="268" count="20" type="stmt"/>
      <line num="270" count="20" type="cond" truecount="2" falsecount="0"/>
      <line num="271" count="4" type="stmt"/>
      <line num="273" count="20" type="cond" truecount="2" falsecount="0"/>
      <line num="274" count="6" type="stmt"/>
      <line num="276" count="20" type="cond" truecount="2" falsecount="0"/>
      <line num="277" count="3" type="stmt"/>
      <line num="279" count="20" type="cond" truecount="2" falsecount="0"/>
      <line num="280" count="6" type="stmt"/>
      <line num="283" count="20" type="stmt"/>
      <line num="293" count="4" type="stmt"/>
      <line num="299" count="7" type="stmt"/>
      <line num="300" count="7" type="cond" truecount="2" falsecount="0"/>
      <line num="301" count="1" type="stmt"/>
      <line num="305" count="6" type="stmt"/>
      <line num="306" count="6" type="stmt"/>
      <line num="309" count="6" type="stmt"/>
      <line num="312" count="6" type="stmt"/>
      <line num="315" count="6" type="stmt"/>
      <line num="318" count="6" type="stmt"/>
      <line num="319" count="6" type="stmt"/>
      <line num="322" count="6" type="stmt"/>
      <line num="325" count="6" type="stmt"/>
      <line num="326" count="6" type="stmt"/>
      <line num="329" count="6" type="cond" truecount="2" falsecount="0"/>
      <line num="330" count="4" type="stmt"/>
      <line num="331" count="4" type="cond" truecount="1" falsecount="1"/>
      <line num="334" count="4" type="stmt"/>
      <line num="335" count="4" type="stmt"/>
      <line num="347" count="6" type="stmt"/>
      <line num="348" count="6" type="stmt"/>
      <line num="349" count="6" type="stmt"/>
      <line num="355" count="4" type="stmt"/>
      <line num="356" count="9" type="stmt"/>
      <line num="357" count="9" type="stmt"/>
      <line num="363" count="4" type="stmt"/>
      <line num="364" count="2" type="stmt"/>
      <line num="370" count="4" type="stmt"/>
      <line num="371" count="3" type="stmt"/>
      <line num="372" count="3" type="cond" truecount="4" falsecount="0"/>
      <line num="373" count="2" type="stmt"/>
      <line num="375" count="1" type="stmt"/>
      <line num="381" count="4" type="stmt"/>
      <line num="383" count="4" type="stmt"/>
      <line num="384" count="4" type="cond" truecount="2" falsecount="0"/>
      <line num="385" count="1" type="stmt"/>
      <line num="389" count="3" type="stmt"/>
      <line num="390" count="3" type="cond" truecount="2" falsecount="0"/>
      <line num="391" count="1" type="stmt"/>
      <line num="394" count="2" type="stmt"/>
      <line num="396" count="2" type="stmt"/>
      <line num="402" count="2" type="cond" truecount="1" falsecount="1"/>
      <line num="403" count="2" type="cond" truecount="4" falsecount="0"/>
      <line num="404" count="1" type="stmt"/>
      <line num="406" count="1" type="stmt"/>
      <line num="410" count="0" type="stmt"/>
      <line num="415" count="0" type="cond" truecount="0" falsecount="2"/>
      <line num="417" count="0" type="stmt"/>
      <line num="421" count="0" type="stmt"/>
      <line num="422" count="0" type="stmt"/>
      <line num="424" count="0" type="stmt"/>
      <line num="427" count="0" type="stmt"/>
      <line num="434" count="4" type="stmt"/>
      <line num="436" count="2" type="stmt"/>
      <line num="437" count="2" type="cond" truecount="2" falsecount="0"/>
      <line num="438" count="1" type="stmt"/>
      <line num="441" count="1" type="stmt"/>
      <line num="443" count="1" type="stmt"/>
      <line num="444" count="1" type="stmt"/>
      <line num="446" count="1" type="cond" truecount="3" falsecount="1"/>
      <line num="447" count="0" type="stmt"/>
      <line num="451" count="1" type="stmt"/>
      <line num="452" count="1" type="stmt"/>
      <line num="454" count="1" type="cond" truecount="1" falsecount="1"/>
      <line num="455" count="1" type="stmt"/>
      <line num="459" count="0" type="stmt"/>
      <line num="460" count="0" type="cond" truecount="0" falsecount="2"/>
      <line num="461" count="0" type="stmt"/>
      <line num="465" count="0" type="stmt"/>
      <line num="466" count="0" type="stmt"/>
      <line num="467" count="0" type="stmt"/>
      <line num="470" count="0" type="stmt"/>
      <line num="472" count="0" type="stmt"/>
      <line num="474" count="0" type="stmt"/>
      <line num="481" count="4" type="stmt"/>
      <line num="482" count="2" type="stmt"/>
      <line num="483" count="2" type="stmt"/>
      <line num="484" count="2" type="stmt"/>
      <line num="485" count="2" type="stmt"/>
      <line num="486" count="2" type="stmt"/>
      <line num="487" count="2" type="stmt"/>
      <line num="488" count="2" type="stmt"/>
      <line num="494" count="4" type="stmt"/>
      <line num="499" count="0" type="stmt"/>
      <line num="500" count="0" type="cond" truecount="0" falsecount="2"/>
      <line num="501" count="0" type="stmt"/>
      <line num="505" count="0" type="stmt"/>
      <line num="506" count="0" type="cond" truecount="0" falsecount="2"/>
      <line num="507" count="0" type="stmt"/>
      <line num="511" count="0" type="cond" truecount="0" falsecount="2"/>
      <line num="514" count="0" type="stmt"/>
      <line num="516" count="0" type="stmt"/>
      <line num="520" count="4" type="stmt"/>
      <line num="545" count="4" type="stmt"/>
    </file>
    <file name="signer.ts" path="/home/louis/Bureau/Stealf/front-stealf/src/services/coldWallet/signer.ts">
      <metrics statements="21" coveredstatements="5" conditionals="0" coveredconditionals="0" methods="11" coveredmethods="0"/>
      <line num="8" count="2" type="stmt"/>
      <line num="32" count="2" type="stmt"/>
      <line num="36" count="0" type="stmt"/>
      <line num="43" count="0" type="stmt"/>
      <line num="50" count="0" type="stmt"/>
      <line num="51" count="0" type="stmt"/>
      <line num="58" count="0" type="stmt"/>
      <line num="59" count="0" type="stmt"/>
      <line num="60" count="0" type="stmt"/>
      <line num="68" count="0" type="stmt"/>
      <line num="69" count="0" type="stmt"/>
      <line num="70" count="0" type="stmt"/>
      <line num="78" count="0" type="stmt"/>
      <line num="85" count="0" type="stmt"/>
      <line num="92" count="2" type="stmt"/>
      <line num="93" count="0" type="stmt"/>
      <line num="104" count="2" type="stmt"/>
      <line num="110" count="0" type="stmt"/>
      <line num="113" count="0" type="stmt"/>
      <line num="115" count="0" type="stmt"/>
      <line num="118" count="2" type="stmt"/>
    </file>
  </project>
</coverage>
