{"/home/louis/Bureau/Stealf/front-stealf/src/services/coldWallet/index.ts": {"path":"/home/louis/Bureau/Stealf/front-stealf/src/services/coldWallet/index.ts","statementMap":{"0":{"start":{"line":49,"column":0},"end":{"line":49,"column":16}},"1":{"start":{"line":68,"column":0},"end":{"line":68,"column":16}},"2":{"start":{"line":85,"column":0},"end":{"line":85,"column":16}},"3":{"start":{"line":95,"column":0},"end":{"line":95,"column":16}},"4":{"start":{"line":110,"column":0},"end":{"line":110,"column":16}},"5":{"start":{"line":134,"column":0},"end":{"line":134,"column":7}},"6":{"start":{"line":171,"column":0},"end":{"line":171,"column":16}},"7":{"start":{"line":207,"column":0},"end":{"line":207,"column":16}},"8":{"start":{"line":11,"column":0},"end":{"line":11,"column":40}},"9":{"start":{"line":13,"column":0},"end":{"line":13,"column":31}},"10":{"start":{"line":14,"column":0},"end":{"line":14,"column":44}},"11":{"start":{"line":15,"column":0},"end":{"line":15,"column":42}},"12":{"start":{"line":18,"column":31},"end":{"line":18,"column":49}},"13":{"start":{"line":52,"column":19},"end":{"line":52,"column":51}},"14":{"start":{"line":53,"column":20},"end":{"line":53,"column":46}},"15":{"start":{"line":55,"column":2},"end":{"line":58,"column":4}},"16":{"start":{"line":69,"column":2},"end":{"line":71,"column":3}},"17":{"start":{"line":70,"column":4},"end":{"line":70,"column":17}},"18":{"start":{"line":74,"column":29},"end":{"line":74,"column":79}},"19":{"start":{"line":76,"column":2},"end":{"line":76,"column":52}},"20":{"start":{"line":86,"column":2},"end":{"line":86,"column":33}},"21":{"start":{"line":96,"column":2},"end":{"line":98,"column":3}},"22":{"start":{"line":97,"column":4},"end":{"line":97,"column":17}},"23":{"start":{"line":99,"column":2},"end":{"line":99,"column":69}},"24":{"start":{"line":111,"column":2},"end":{"line":113,"column":3}},"25":{"start":{"line":112,"column":4},"end":{"line":112,"column":14}},"26":{"start":{"line":115,"column":27},"end":{"line":115,"column":54}},"27":{"start":{"line":116,"column":2},"end":{"line":118,"column":3}},"28":{"start":{"line":117,"column":4},"end":{"line":117,"column":14}},"29":{"start":{"line":120,"column":2},"end":{"line":122,"column":21}},"30":{"start":{"line":121,"column":20},"end":{"line":121,"column":53}},"31":{"start":{"line":139,"column":2},"end":{"line":141,"column":3}},"32":{"start":{"line":140,"column":4},"end":{"line":140,"column":81}},"33":{"start":{"line":144,"column":29},"end":{"line":144,"column":79}},"34":{"start":{"line":147,"column":15},"end":{"line":147,"column":61}},"35":{"start":{"line":150,"column":22},"end":{"line":150,"column":73}},"36":{"start":{"line":154,"column":20},"end":{"line":154,"column":51}},"37":{"start":{"line":155,"column":18},"end":{"line":155,"column":45}},"38":{"start":{"line":157,"column":2},"end":{"line":160,"column":4}},"39":{"start":{"line":175,"column":16},"end":{"line":175,"column":44}},"40":{"start":{"line":176,"column":21},"end":{"line":176,"column":33}},"41":{"start":{"line":178,"column":2},"end":{"line":180,"column":3}},"42":{"start":{"line":179,"column":4},"end":{"line":179,"column":91}},"43":{"start":{"line":183,"column":28},"end":{"line":183,"column":30}},"44":{"start":{"line":184,"column":2},"end":{"line":189,"column":3}},"45":{"start":{"line":185,"column":24},"end":{"line":185,"column":62}},"46":{"start":{"line":186,"column":4},"end":{"line":188,"column":5}},"47":{"start":{"line":187,"column":6},"end":{"line":187,"column":32}},"48":{"start":{"line":192,"column":2},"end":{"line":192,"column":32}},"49":{"start":{"line":192,"column":25},"end":{"line":192,"column":30}},"50":{"start":{"line":194,"column":2},"end":{"line":197,"column":4}},"51":{"start":{"line":196,"column":36},"end":{"line":196,"column":44}},"52":{"start":{"line":211,"column":2},"end":{"line":216,"column":3}},"53":{"start":{"line":212,"column":4},"end":{"line":215,"column":6}},"54":{"start":{"line":214,"column":79},"end":{"line":214,"column":80}},"55":{"start":{"line":218,"column":37},"end":{"line":218,"column":39}},"56":{"start":{"line":220,"column":2},"end":{"line":227,"column":5}},"57":{"start":{"line":221,"column":31},"end":{"line":221,"column":56}},"58":{"start":{"line":222,"column":31},"end":{"line":222,"column":72}},"59":{"start":{"line":224,"column":4},"end":{"line":226,"column":5}},"60":{"start":{"line":225,"column":6},"end":{"line":225,"column":35}},"61":{"start":{"line":229,"column":2},"end":{"line":232,"column":4}},"62":{"start":{"line":236,"column":13},"end":{"line":246,"column":2}},"63":{"start":{"line":249,"column":0},"end":{"line":249,"column":32}},"64":{"start":{"line":250,"column":0},"end":{"line":250,"column":25}},"65":{"start":{"line":252,"column":0},"end":{"line":252,"column":33}}},"fnMap":{"0":{"name":"generateMnemonic","decl":{"start":{"line":49,"column":16},"end":{"line":49,"column":32}},"loc":{"start":{"line":49,"column":65},"end":{"line":59,"column":1}}},"1":{"name":"validateMnemonic","decl":{"start":{"line":68,"column":16},"end":{"line":68,"column":32}},"loc":{"start":{"line":68,"column":49},"end":{"line":77,"column":1}}},"2":{"name":"getWordList","decl":{"start":{"line":85,"column":16},"end":{"line":85,"column":27}},"loc":{"start":{"line":85,"column":27},"end":{"line":87,"column":1}}},"3":{"name":"isValidWord","decl":{"start":{"line":95,"column":16},"end":{"line":95,"column":27}},"loc":{"start":{"line":95,"column":40},"end":{"line":100,"column":1}}},"4":{"name":"getWordSuggestions","decl":{"start":{"line":110,"column":16},"end":{"line":110,"column":34}},"loc":{"start":{"line":110,"column":68},"end":{"line":123,"column":1}}},"5":{"name":"(anonymous_15)","decl":{"start":{"line":121,"column":12},"end":{"line":121,"column":16}},"loc":{"start":{"line":121,"column":20},"end":{"line":121,"column":53}}},"6":{"name":"deriveKeypair","decl":{"start":{"line":134,"column":22},"end":{"line":134,"column":35}},"loc":{"start":{"line":136,"column":39},"end":{"line":161,"column":1}}},"7":{"name":"selectVerificationWords","decl":{"start":{"line":171,"column":16},"end":{"line":171,"column":39}},"loc":{"start":{"line":173,"column":23},"end":{"line":198,"column":1}}},"8":{"name":"(anonymous_18)","decl":{"start":{"line":192,"column":15},"end":{"line":192,"column":16}},"loc":{"start":{"line":192,"column":25},"end":{"line":192,"column":30}}},"9":{"name":"(anonymous_19)","decl":{"start":{"line":196,"column":31},"end":{"line":196,"column":32}},"loc":{"start":{"line":196,"column":36},"end":{"line":196,"column":44}}},"10":{"name":"verifyWords","decl":{"start":{"line":207,"column":16},"end":{"line":207,"column":27}},"loc":{"start":{"line":209,"column":25},"end":{"line":233,"column":1}}},"11":{"name":"(anonymous_21)","decl":{"start":{"line":214,"column":69},"end":{"line":214,"column":70}},"loc":{"start":{"line":214,"column":79},"end":{"line":214,"column":80}}},"12":{"name":"(anonymous_22)","decl":{"start":{"line":220,"column":24},"end":{"line":220,"column":25}},"loc":{"start":{"line":220,"column":40},"end":{"line":227,"column":3}}}},"branchMap":{"0":{"loc":{"start":{"line":49,"column":33},"end":{"line":49,"column":65}},"type":"default-arg","locations":[{"start":{"line":49,"column":62},"end":{"line":49,"column":65}}]},"1":{"loc":{"start":{"line":53,"column":20},"end":{"line":53,"column":46}},"type":"cond-expr","locations":[{"start":{"line":53,"column":39},"end":{"line":53,"column":41}},{"start":{"line":53,"column":44},"end":{"line":53,"column":46}}]},"2":{"loc":{"start":{"line":69,"column":2},"end":{"line":71,"column":3}},"type":"if","locations":[{"start":{"line":69,"column":2},"end":{"line":71,"column":3}},{"start":{},"end":{}}]},"3":{"loc":{"start":{"line":69,"column":6},"end":{"line":69,"column":47}},"type":"binary-expr","locations":[{"start":{"line":69,"column":6},"end":{"line":69,"column":15}},{"start":{"line":69,"column":19},"end":{"line":69,"column":47}}]},"4":{"loc":{"start":{"line":96,"column":2},"end":{"line":98,"column":3}},"type":"if","locations":[{"start":{"line":96,"column":2},"end":{"line":98,"column":3}},{"start":{},"end":{}}]},"5":{"loc":{"start":{"line":96,"column":6},"end":{"line":96,"column":39}},"type":"binary-expr","locations":[{"start":{"line":96,"column":6},"end":{"line":96,"column":11}},{"start":{"line":96,"column":15},"end":{"line":96,"column":39}}]},"6":{"loc":{"start":{"line":110,"column":51},"end":{"line":110,"column":68}},"type":"default-arg","locations":[{"start":{"line":110,"column":67},"end":{"line":110,"column":68}}]},"7":{"loc":{"start":{"line":111,"column":2},"end":{"line":113,"column":3}},"type":"if","locations":[{"start":{"line":111,"column":2},"end":{"line":113,"column":3}},{"start":{},"end":{}}]},"8":{"loc":{"start":{"line":111,"column":6},"end":{"line":111,"column":43}},"type":"binary-expr","locations":[{"start":{"line":111,"column":6},"end":{"line":111,"column":13}},{"start":{"line":111,"column":17},"end":{"line":111,"column":43}}]},"9":{"loc":{"start":{"line":116,"column":2},"end":{"line":118,"column":3}},"type":"if","locations":[{"start":{"line":116,"column":2},"end":{"line":118,"column":3}},{"start":{},"end":{}}]},"10":{"loc":{"start":{"line":136,"column":2},"end":{"line":136,"column":39}},"type":"default-arg","locations":[{"start":{"line":136,"column":17},"end":{"line":136,"column":39}}]},"11":{"loc":{"start":{"line":139,"column":2},"end":{"line":141,"column":3}},"type":"if","locations":[{"start":{"line":139,"column":2},"end":{"line":141,"column":3}},{"start":{},"end":{}}]},"12":{"loc":{"start":{"line":173,"column":2},"end":{"line":173,"column":23}},"type":"default-arg","locations":[{"start":{"line":173,"column":22},"end":{"line":173,"column":23}}]},"13":{"loc":{"start":{"line":178,"column":2},"end":{"line":180,"column":3}},"type":"if","locations":[{"start":{"line":178,"column":2},"end":{"line":180,"column":3}},{"start":{},"end":{}}]},"14":{"loc":{"start":{"line":186,"column":4},"end":{"line":188,"column":5}},"type":"if","locations":[{"start":{"line":186,"column":4},"end":{"line":188,"column":5}},{"start":{},"end":{}}]},"15":{"loc":{"start":{"line":211,"column":2},"end":{"line":216,"column":3}},"type":"if","locations":[{"start":{"line":211,"column":2},"end":{"line":216,"column":3}},{"start":{},"end":{}}]},"16":{"loc":{"start":{"line":224,"column":4},"end":{"line":226,"column":5}},"type":"if","locations":[{"start":{"line":224,"column":4},"end":{"line":226,"column":5}},{"start":{},"end":{}}]}},"s":{"0":2,"1":2,"2":2,"3":2,"4":2,"5":2,"6":2,"7":2,"8":2,"9":2,"10":2,"11":2,"12":2,"13":228,"14":228,"15":228,"16":29,"17":1,"18":28,"19":28,"20":1,"21":8,"22":1,"23":7,"24":4,"25":1,"26":3,"27":3,"28":0,"29":3,"30":6144,"31":15,"32":1,"33":14,"34":14,"35":14,"36":14,"37":14,"38":14,"39":17,"40":17,"41":17,"42":0,"43":17,"44":17,"45":60,"46":60,"47":53,"48":17,"49":62,"50":17,"51":53,"52":7,"53":1,"54":3,"55":6,"56":6,"57":18,"58":18,"59":18,"60":4,"61":6,"62":2,"63":2,"64":2,"65":2},"f":{"0":228,"1":29,"2":1,"3":8,"4":4,"5":6144,"6":15,"7":17,"8":62,"9":53,"10":7,"11":3,"12":18},"b":{"0":[0],"1":[223,5],"2":[1,28],"3":[29,28],"4":[1,7],"5":[8,7],"6":[3],"7":[1,3],"8":[4,3],"9":[0,3],"10":[15],"11":[1,14],"12":[15],"13":[0,17],"14":[53,7],"15":[1,6],"16":[4,14]}}
,"/home/louis/Bureau/Stealf/front-stealf/src/services/coldWallet/secureStorage.ts": {"path":"/home/louis/Bureau/Stealf/front-stealf/src/services/coldWallet/secureStorage.ts","statementMap":{"0":{"start":{"line":182,"column":0},"end":{"line":182,"column":7}},"1":{"start":{"line":191,"column":0},"end":{"line":191,"column":7}},"2":{"start":{"line":210,"column":0},"end":{"line":210,"column":7}},"3":{"start":{"line":267,"column":0},"end":{"line":267,"column":16}},"4":{"start":{"line":293,"column":0},"end":{"line":293,"column":7}},"5":{"start":{"line":355,"column":0},"end":{"line":355,"column":7}},"6":{"start":{"line":363,"column":0},"end":{"line":363,"column":7}},"7":{"start":{"line":370,"column":0},"end":{"line":370,"column":7}},"8":{"start":{"line":381,"column":0},"end":{"line":381,"column":7}},"9":{"start":{"line":434,"column":0},"end":{"line":434,"column":7}},"10":{"start":{"line":481,"column":0},"end":{"line":481,"column":7}},"11":{"start":{"line":494,"column":0},"end":{"line":494,"column":7}},"12":{"start":{"line":9,"column":0},"end":{"line":9,"column":49}},"13":{"start":{"line":10,"column":0},"end":{"line":10,"column":65}},"14":{"start":{"line":11,"column":0},"end":{"line":11,"column":38}},"15":{"start":{"line":12,"column":0},"end":{"line":12,"column":40}},"16":{"start":{"line":13,"column":0},"end":{"line":13,"column":42}},"17":{"start":{"line":14,"column":0},"end":{"line":14,"column":24}},"18":{"start":{"line":17,"column":13},"end":{"line":25,"column":11}},"19":{"start":{"line":28,"column":26},"end":{"line":28,"column":32}},"20":{"start":{"line":29,"column":20},"end":{"line":29,"column":22}},"21":{"start":{"line":30,"column":19},"end":{"line":30,"column":21}},"22":{"start":{"line":64,"column":16},"end":{"line":64,"column":38}},"23":{"start":{"line":65,"column":2},"end":{"line":65,"column":32}},"24":{"start":{"line":66,"column":2},"end":{"line":66,"column":15}},"25":{"start":{"line":73,"column":2},"end":{"line":75,"column":14}},"26":{"start":{"line":74,"column":14},"end":{"line":74,"column":45}},"27":{"start":{"line":82,"column":16},"end":{"line":82,"column":46}},"28":{"start":{"line":83,"column":2},"end":{"line":85,"column":3}},"29":{"start":{"line":83,"column":15},"end":{"line":83,"column":16}},"30":{"start":{"line":84,"column":4},"end":{"line":84,"column":50}},"31":{"start":{"line":86,"column":2},"end":{"line":86,"column":15}},"32":{"start":{"line":94,"column":18},"end":{"line":94,"column":35}},"33":{"start":{"line":95,"column":25},"end":{"line":95,"column":49}},"34":{"start":{"line":98,"column":18},"end":{"line":103,"column":null}},"35":{"start":{"line":107,"column":22},"end":{"line":115,"column":null}},"36":{"start":{"line":118,"column":2},"end":{"line":118,"column":37}},"37":{"start":{"line":125,"column":21},"end":{"line":125,"column":52}},"38":{"start":{"line":126,"column":2},"end":{"line":126,"column":32}},"39":{"start":{"line":133,"column":13},"end":{"line":133,"column":31}},"40":{"start":{"line":135,"column":20},"end":{"line":140,"column":null}},"41":{"start":{"line":143,"column":20},"end":{"line":146,"column":null}},"42":{"start":{"line":149,"column":2},"end":{"line":152,"column":4}},"43":{"start":{"line":159,"column":18},"end":{"line":159,"column":32}},"44":{"start":{"line":160,"column":26},"end":{"line":160,"column":48}},"45":{"start":{"line":162,"column":20},"end":{"line":167,"column":null}},"46":{"start":{"line":170,"column":20},"end":{"line":173,"column":null}},"47":{"start":{"line":176,"column":2},"end":{"line":176,"column":35}},"48":{"start":{"line":183,"column":22},"end":{"line":183,"column":66}},"49":{"start":{"line":184,"column":21},"end":{"line":184,"column":64}},"50":{"start":{"line":185,"column":2},"end":{"line":185,"column":35}},"51":{"start":{"line":192,"column":16},"end":{"line":192,"column":77}},"52":{"start":{"line":194,"column":2},"end":{"line":196,"column":3}},"53":{"start":{"line":195,"column":4},"end":{"line":195,"column":20}},"54":{"start":{"line":197,"column":2},"end":{"line":199,"column":3}},"55":{"start":{"line":198,"column":4},"end":{"line":198,"column":25}},"56":{"start":{"line":200,"column":2},"end":{"line":202,"column":3}},"57":{"start":{"line":201,"column":4},"end":{"line":201,"column":18}},"58":{"start":{"line":204,"column":2},"end":{"line":204,"column":14}},"59":{"start":{"line":211,"column":29},"end":{"line":211,"column":31}},"60":{"start":{"line":212,"column":17},"end":{"line":212,"column":22}},"61":{"start":{"line":213,"column":19},"end":{"line":213,"column":24}},"62":{"start":{"line":216,"column":2},"end":{"line":219,"column":3}},"63":{"start":{"line":217,"column":4},"end":{"line":217,"column":22}},"64":{"start":{"line":218,"column":4},"end":{"line":218,"column":63}},"65":{"start":{"line":222,"column":2},"end":{"line":234,"column":3}},"66":{"start":{"line":225,"column":23},"end":{"line":225,"column":61}},"67":{"start":{"line":226,"column":22},"end":{"line":226,"column":59}},"68":{"start":{"line":228,"column":4},"end":{"line":230,"column":5}},"69":{"start":{"line":229,"column":6},"end":{"line":229,"column":24}},"70":{"start":{"line":236,"column":2},"end":{"line":242,"column":3}},"71":{"start":{"line":245,"column":49},"end":{"line":245,"column":55}},"72":{"start":{"line":247,"column":2},"end":{"line":253,"column":3}},"73":{"start":{"line":248,"column":4},"end":{"line":248,"column":26}},"74":{"start":{"line":249,"column":4},"end":{"line":249,"column":95}},"75":{"start":{"line":250,"column":9},"end":{"line":253,"column":3}},"76":{"start":{"line":251,"column":4},"end":{"line":251,"column":29}},"77":{"start":{"line":252,"column":4},"end":{"line":252,"column":78}},"78":{"start":{"line":255,"column":2},"end":{"line":260,"column":4}},"79":{"start":{"line":268,"column":27},"end":{"line":268,"column":29}},"80":{"start":{"line":270,"column":2},"end":{"line":272,"column":3}},"81":{"start":{"line":271,"column":4},"end":{"line":271,"column":71}},"82":{"start":{"line":273,"column":2},"end":{"line":275,"column":3}},"83":{"start":{"line":274,"column":4},"end":{"line":274,"column":72}},"84":{"start":{"line":276,"column":2},"end":{"line":278,"column":3}},"85":{"start":{"line":277,"column":4},"end":{"line":277,"column":72}},"86":{"start":{"line":279,"column":2},"end":{"line":281,"column":3}},"87":{"start":{"line":280,"column":4},"end":{"line":280,"column":69}},"88":{"start":{"line":283,"column":2},"end":{"line":286,"column":4}},"89":{"start":{"line":299,"column":29},"end":{"line":299,"column":63}},"90":{"start":{"line":300,"column":2},"end":{"line":302,"column":3}},"91":{"start":{"line":301,"column":4},"end":{"line":301,"column":81}},"92":{"start":{"line":305,"column":15},"end":{"line":305,"column":42}},"93":{"start":{"line":306,"column":18},"end":{"line":306,"column":34}},"94":{"start":{"line":309,"column":23},"end":{"line":309,"column":57}},"95":{"start":{"line":312,"column":24},"end":{"line":312,"column":55}},"96":{"start":{"line":315,"column":26},"end":{"line":315,"column":43}},"97":{"start":{"line":318,"column":23},"end":{"line":318,"column":71}},"98":{"start":{"line":319,"column":27},"end":{"line":319,"column":55}},"99":{"start":{"line":322,"column":2},"end":{"line":322,"column":81}},"100":{"start":{"line":325,"column":2},"end":{"line":325,"column":75}},"101":{"start":{"line":326,"column":2},"end":{"line":326,"column":61}},"102":{"start":{"line":329,"column":2},"end":{"line":344,"column":3}},"103":{"start":{"line":330,"column":32},"end":{"line":330,"column":61}},"104":{"start":{"line":331,"column":4},"end":{"line":343,"column":5}},"105":{"start":{"line":334,"column":31},"end":{"line":334,"column":59}},"106":{"start":{"line":335,"column":6},"end":{"line":342,"column":8}},"107":{"start":{"line":347,"column":2},"end":{"line":347,"column":71}},"108":{"start":{"line":348,"column":2},"end":{"line":348,"column":88}},"109":{"start":{"line":349,"column":2},"end":{"line":349,"column":74}},"110":{"start":{"line":356,"column":22},"end":{"line":356,"column":85}},"111":{"start":{"line":357,"column":2},"end":{"line":357,"column":32}},"112":{"start":{"line":364,"column":2},"end":{"line":364,"column":59}},"113":{"start":{"line":371,"column":17},"end":{"line":371,"column":73}},"114":{"start":{"line":372,"column":2},"end":{"line":374,"column":3}},"115":{"start":{"line":373,"column":4},"end":{"line":373,"column":18}},"116":{"start":{"line":375,"column":2},"end":{"line":375,"column":14}},"117":{"start":{"line":383,"column":20},"end":{"line":383,"column":49}},"118":{"start":{"line":384,"column":2},"end":{"line":386,"column":3}},"119":{"start":{"line":385,"column":4},"end":{"line":385,"column":64}},"120":{"start":{"line":389,"column":23},"end":{"line":389,"column":40}},"121":{"start":{"line":390,"column":2},"end":{"line":392,"column":3}},"122":{"start":{"line":391,"column":4},"end":{"line":391,"column":57}},"123":{"start":{"line":394,"column":2},"end":{"line":428,"column":3}},"124":{"start":{"line":396,"column":23},"end":{"line":400,"column":6}},"125":{"start":{"line":402,"column":4},"end":{"line":407,"column":5}},"126":{"start":{"line":403,"column":6},"end":{"line":405,"column":7}},"127":{"start":{"line":404,"column":8},"end":{"line":404,"column":64}},"128":{"start":{"line":406,"column":6},"end":{"line":406,"column":59}},"129":{"start":{"line":410,"column":29},"end":{"line":412,"column":null}},"130":{"start":{"line":415,"column":4},"end":{"line":418,"column":5}},"131":{"start":{"line":417,"column":6},"end":{"line":417,"column":58}},"132":{"start":{"line":421,"column":28},"end":{"line":421,"column":57}},"133":{"start":{"line":422,"column":20},"end":{"line":422,"column":58}},"134":{"start":{"line":424,"column":4},"end":{"line":424,"column":38}},"135":{"start":{"line":427,"column":4},"end":{"line":427,"column":56}},"136":{"start":{"line":436,"column":23},"end":{"line":436,"column":40}},"137":{"start":{"line":437,"column":2},"end":{"line":439,"column":3}},"138":{"start":{"line":438,"column":4},"end":{"line":438,"column":57}},"139":{"start":{"line":441,"column":2},"end":{"line":475,"column":3}},"140":{"start":{"line":443,"column":20},"end":{"line":443,"column":69}},"141":{"start":{"line":444,"column":23},"end":{"line":444,"column":81}},"142":{"start":{"line":446,"column":4},"end":{"line":448,"column":5}},"143":{"start":{"line":447,"column":6},"end":{"line":447,"column":59}},"144":{"start":{"line":451,"column":17},"end":{"line":451,"column":36}},"145":{"start":{"line":452,"column":25},"end":{"line":452,"column":59}},"146":{"start":{"line":454,"column":4},"end":{"line":456,"column":5}},"147":{"start":{"line":455,"column":6},"end":{"line":455,"column":59}},"148":{"start":{"line":459,"column":29},"end":{"line":459,"column":89}},"149":{"start":{"line":460,"column":4},"end":{"line":462,"column":5}},"150":{"start":{"line":461,"column":6},"end":{"line":461,"column":59}},"151":{"start":{"line":465,"column":31},"end":{"line":465,"column":59}},"152":{"start":{"line":466,"column":26},"end":{"line":466,"column":57}},"153":{"start":{"line":467,"column":28},"end":{"line":467,"column":75}},"154":{"start":{"line":470,"column":20},"end":{"line":470,"column":58}},"155":{"start":{"line":472,"column":4},"end":{"line":472,"column":38}},"156":{"start":{"line":474,"column":4},"end":{"line":474,"column":58}},"157":{"start":{"line":482,"column":2},"end":{"line":482,"column":66}},"158":{"start":{"line":483,"column":2},"end":{"line":483,"column":66}},"159":{"start":{"line":484,"column":2},"end":{"line":484,"column":64}},"160":{"start":{"line":485,"column":2},"end":{"line":485,"column":55}},"161":{"start":{"line":486,"column":2},"end":{"line":486,"column":62}},"162":{"start":{"line":487,"column":2},"end":{"line":487,"column":61}},"163":{"start":{"line":488,"column":2},"end":{"line":488,"column":69}},"164":{"start":{"line":499,"column":21},"end":{"line":499,"column":58}},"165":{"start":{"line":500,"column":2},"end":{"line":502,"column":3}},"166":{"start":{"line":501,"column":4},"end":{"line":501,"column":67}},"167":{"start":{"line":505,"column":23},"end":{"line":505,"column":64}},"168":{"start":{"line":506,"column":2},"end":{"line":508,"column":3}},"169":{"start":{"line":507,"column":4},"end":{"line":507,"column":70}},"170":{"start":{"line":511,"column":21},"end":{"line":511,"column":62}},"171":{"start":{"line":514,"column":2},"end":{"line":514,"column":66}},"172":{"start":{"line":516,"column":2},"end":{"line":516,"column":27}},"173":{"start":{"line":520,"column":13},"end":{"line":543,"column":2}},"174":{"start":{"line":545,"column":0},"end":{"line":545,"column":36}}},"fnMap":{"0":{"name":"getRandomBytes","decl":{"start":{"line":63,"column":9},"end":{"line":63,"column":23}},"loc":{"start":{"line":63,"column":38},"end":{"line":67,"column":1}}},"1":{"name":"bytesToHex","decl":{"start":{"line":72,"column":9},"end":{"line":72,"column":19}},"loc":{"start":{"line":72,"column":37},"end":{"line":76,"column":1}}},"2":{"name":"(anonymous_12)","decl":{"start":{"line":74,"column":9},"end":{"line":74,"column":10}},"loc":{"start":{"line":74,"column":14},"end":{"line":74,"column":45}}},"3":{"name":"hexToBytes","decl":{"start":{"line":81,"column":9},"end":{"line":81,"column":19}},"loc":{"start":{"line":81,"column":31},"end":{"line":87,"column":1}}},"4":{"name":"deriveKey","decl":{"start":{"line":93,"column":15},"end":{"line":93,"column":24}},"loc":{"start":{"line":93,"column":59},"end":{"line":119,"column":1}}},"5":{"name":"hashPassword","decl":{"start":{"line":124,"column":15},"end":{"line":124,"column":27}},"loc":{"start":{"line":124,"column":62},"end":{"line":127,"column":1}}},"6":{"name":"encryptAES","decl":{"start":{"line":132,"column":15},"end":{"line":132,"column":25}},"loc":{"start":{"line":132,"column":59},"end":{"line":153,"column":1}}},"7":{"name":"decryptAES","decl":{"start":{"line":158,"column":15},"end":{"line":158,"column":25}},"loc":{"start":{"line":158,"column":73},"end":{"line":177,"column":1}}},"8":{"name":"isBiometricsAvailable","decl":{"start":{"line":182,"column":22},"end":{"line":182,"column":43}},"loc":{"start":{"line":182,"column":43},"end":{"line":186,"column":1}}},"9":{"name":"getBiometricType","decl":{"start":{"line":191,"column":22},"end":{"line":191,"column":38}},"loc":{"start":{"line":191,"column":38},"end":{"line":205,"column":1}}},"10":{"name":"checkDeviceSecurity","decl":{"start":{"line":210,"column":22},"end":{"line":210,"column":41}},"loc":{"start":{"line":210,"column":41},"end":{"line":261,"column":1}}},"11":{"name":"validatePasswordStrength","decl":{"start":{"line":267,"column":16},"end":{"line":267,"column":40}},"loc":{"start":{"line":267,"column":57},"end":{"line":287,"column":1}}},"12":{"name":"saveWallet","decl":{"start":{"line":293,"column":22},"end":{"line":293,"column":32}},"loc":{"start":{"line":296,"column":18},"end":{"line":350,"column":1}}},"13":{"name":"hasWallet","decl":{"start":{"line":355,"column":22},"end":{"line":355,"column":31}},"loc":{"start":{"line":355,"column":31},"end":{"line":358,"column":1}}},"14":{"name":"getStoredPublicKey","decl":{"start":{"line":363,"column":22},"end":{"line":363,"column":40}},"loc":{"start":{"line":363,"column":40},"end":{"line":365,"column":1}}},"15":{"name":"getStoredAuthMethod","decl":{"start":{"line":370,"column":22},"end":{"line":370,"column":41}},"loc":{"start":{"line":370,"column":41},"end":{"line":376,"column":1}}},"16":{"name":"unlockWithBiometrics","decl":{"start":{"line":381,"column":22},"end":{"line":381,"column":42}},"loc":{"start":{"line":381,"column":42},"end":{"line":429,"column":1}}},"17":{"name":"unlockWithPassword","decl":{"start":{"line":434,"column":22},"end":{"line":434,"column":40}},"loc":{"start":{"line":434,"column":57},"end":{"line":476,"column":1}}},"18":{"name":"deleteWallet","decl":{"start":{"line":481,"column":22},"end":{"line":481,"column":34}},"loc":{"start":{"line":481,"column":34},"end":{"line":489,"column":1}}},"19":{"name":"changePassword","decl":{"start":{"line":494,"column":22},"end":{"line":494,"column":36}},"loc":{"start":{"line":496,"column":21},"end":{"line":517,"column":1}}}},"branchMap":{"0":{"loc":{"start":{"line":185,"column":9},"end":{"line":185,"column":34}},"type":"binary-expr","locations":[{"start":{"line":185,"column":9},"end":{"line":185,"column":20}},{"start":{"line":185,"column":24},"end":{"line":185,"column":34}}]},"1":{"loc":{"start":{"line":194,"column":2},"end":{"line":196,"column":3}},"type":"if","locations":[{"start":{"line":194,"column":2},"end":{"line":196,"column":3}},{"start":{},"end":{}}]},"2":{"loc":{"start":{"line":197,"column":2},"end":{"line":199,"column":3}},"type":"if","locations":[{"start":{"line":197,"column":2},"end":{"line":199,"column":3}},{"start":{},"end":{}}]},"3":{"loc":{"start":{"line":200,"column":2},"end":{"line":202,"column":3}},"type":"if","locations":[{"start":{"line":200,"column":2},"end":{"line":202,"column":3}},{"start":{},"end":{}}]},"4":{"loc":{"start":{"line":216,"column":2},"end":{"line":219,"column":3}},"type":"if","locations":[{"start":{"line":216,"column":2},"end":{"line":219,"column":3}},{"start":{},"end":{}}]},"5":{"loc":{"start":{"line":222,"column":2},"end":{"line":234,"column":3}},"type":"if","locations":[{"start":{"line":222,"column":2},"end":{"line":234,"column":3}},{"start":{},"end":{}}]},"6":{"loc":{"start":{"line":225,"column":23},"end":{"line":225,"column":61}},"type":"binary-expr","locations":[{"start":{"line":225,"column":23},"end":{"line":225,"column":55}},{"start":{"line":225,"column":59},"end":{"line":225,"column":61}}]},"7":{"loc":{"start":{"line":226,"column":22},"end":{"line":226,"column":59}},"type":"binary-expr","locations":[{"start":{"line":226,"column":22},"end":{"line":226,"column":53}},{"start":{"line":226,"column":57},"end":{"line":226,"column":59}}]},"8":{"loc":{"start":{"line":228,"column":4},"end":{"line":230,"column":5}},"type":"if","locations":[{"start":{"line":228,"column":4},"end":{"line":230,"column":5}},{"start":{},"end":{}}]},"9":{"loc":{"start":{"line":228,"column":8},"end":{"line":228,"column":67}},"type":"binary-expr","locations":[{"start":{"line":228,"column":8},"end":{"line":228,"column":38}},{"start":{"line":228,"column":42},"end":{"line":228,"column":67}}]},"10":{"loc":{"start":{"line":236,"column":2},"end":{"line":242,"column":3}},"type":"if","locations":[{"start":{"line":236,"column":2},"end":{"line":242,"column":3}},{"start":{},"end":{}}]},"11":{"loc":{"start":{"line":247,"column":2},"end":{"line":253,"column":3}},"type":"if","locations":[{"start":{"line":247,"column":2},"end":{"line":253,"column":3}},{"start":{"line":250,"column":9},"end":{"line":253,"column":3}}]},"12":{"loc":{"start":{"line":250,"column":9},"end":{"line":253,"column":3}},"type":"if","locations":[{"start":{"line":250,"column":9},"end":{"line":253,"column":3}},{"start":{},"end":{}}]},"13":{"loc":{"start":{"line":270,"column":2},"end":{"line":272,"column":3}},"type":"if","locations":[{"start":{"line":270,"column":2},"end":{"line":272,"column":3}},{"start":{},"end":{}}]},"14":{"loc":{"start":{"line":273,"column":2},"end":{"line":275,"column":3}},"type":"if","locations":[{"start":{"line":273,"column":2},"end":{"line":275,"column":3}},{"start":{},"end":{}}]},"15":{"loc":{"start":{"line":276,"column":2},"end":{"line":278,"column":3}},"type":"if","locations":[{"start":{"line":276,"column":2},"end":{"line":278,"column":3}},{"start":{},"end":{}}]},"16":{"loc":{"start":{"line":279,"column":2},"end":{"line":281,"column":3}},"type":"if","locations":[{"start":{"line":279,"column":2},"end":{"line":281,"column":3}},{"start":{},"end":{}}]},"17":{"loc":{"start":{"line":300,"column":2},"end":{"line":302,"column":3}},"type":"if","locations":[{"start":{"line":300,"column":2},"end":{"line":302,"column":3}},{"start":{},"end":{}}]},"18":{"loc":{"start":{"line":329,"column":2},"end":{"line":344,"column":3}},"type":"if","locations":[{"start":{"line":329,"column":2},"end":{"line":344,"column":3}},{"start":{},"end":{}}]},"19":{"loc":{"start":{"line":331,"column":4},"end":{"line":343,"column":5}},"type":"if","locations":[{"start":{"line":331,"column":4},"end":{"line":343,"column":5}},{"start":{},"end":{}}]},"20":{"loc":{"start":{"line":372,"column":2},"end":{"line":374,"column":3}},"type":"if","locations":[{"start":{"line":372,"column":2},"end":{"line":374,"column":3}},{"start":{},"end":{}}]},"21":{"loc":{"start":{"line":372,"column":6},"end":{"line":372,"column":53}},"type":"binary-expr","locations":[{"start":{"line":372,"column":6},"end":{"line":372,"column":28}},{"start":{"line":372,"column":32},"end":{"line":372,"column":53}}]},"22":{"loc":{"start":{"line":384,"column":2},"end":{"line":386,"column":3}},"type":"if","locations":[{"start":{"line":384,"column":2},"end":{"line":386,"column":3}},{"start":{},"end":{}}]},"23":{"loc":{"start":{"line":390,"column":2},"end":{"line":392,"column":3}},"type":"if","locations":[{"start":{"line":390,"column":2},"end":{"line":392,"column":3}},{"start":{},"end":{}}]},"24":{"loc":{"start":{"line":402,"column":4},"end":{"line":407,"column":5}},"type":"if","locations":[{"start":{"line":402,"column":4},"end":{"line":407,"column":5}},{"start":{},"end":{}}]},"25":{"loc":{"start":{"line":403,"column":6},"end":{"line":405,"column":7}},"type":"if","locations":[{"start":{"line":403,"column":6},"end":{"line":405,"column":7}},{"start":{},"end":{}}]},"26":{"loc":{"start":{"line":403,"column":10},"end":{"line":403,"column":69}},"type":"binary-expr","locations":[{"start":{"line":403,"column":10},"end":{"line":403,"column":31}},{"start":{"line":403,"column":35},"end":{"line":403,"column":69}}]},"27":{"loc":{"start":{"line":415,"column":4},"end":{"line":418,"column":5}},"type":"if","locations":[{"start":{"line":415,"column":4},"end":{"line":418,"column":5}},{"start":{},"end":{}}]},"28":{"loc":{"start":{"line":437,"column":2},"end":{"line":439,"column":3}},"type":"if","locations":[{"start":{"line":437,"column":2},"end":{"line":439,"column":3}},{"start":{},"end":{}}]},"29":{"loc":{"start":{"line":446,"column":4},"end":{"line":448,"column":5}},"type":"if","locations":[{"start":{"line":446,"column":4},"end":{"line":448,"column":5}},{"start":{},"end":{}}]},"30":{"loc":{"start":{"line":446,"column":8},"end":{"line":446,"column":31}},"type":"binary-expr","locations":[{"start":{"line":446,"column":8},"end":{"line":446,"column":16}},{"start":{"line":446,"column":20},"end":{"line":446,"column":31}}]},"31":{"loc":{"start":{"line":454,"column":4},"end":{"line":456,"column":5}},"type":"if","locations":[{"start":{"line":454,"column":4},"end":{"line":456,"column":5}},{"start":{},"end":{}}]},"32":{"loc":{"start":{"line":460,"column":4},"end":{"line":462,"column":5}},"type":"if","locations":[{"start":{"line":460,"column":4},"end":{"line":462,"column":5}},{"start":{},"end":{}}]},"33":{"loc":{"start":{"line":500,"column":2},"end":{"line":502,"column":3}},"type":"if","locations":[{"start":{"line":500,"column":2},"end":{"line":502,"column":3}},{"start":{},"end":{}}]},"34":{"loc":{"start":{"line":506,"column":2},"end":{"line":508,"column":3}},"type":"if","locations":[{"start":{"line":506,"column":2},"end":{"line":508,"column":3}},{"start":{},"end":{}}]},"35":{"loc":{"start":{"line":511,"column":21},"end":{"line":511,"column":62}},"type":"binary-expr","locations":[{"start":{"line":511,"column":21},"end":{"line":511,"column":48}},{"start":{"line":511,"column":52},"end":{"line":511,"column":62}}]}},"s":{"0":4,"1":4,"2":4,"3":4,"4":4,"5":4,"6":4,"7":4,"8":4,"9":4,"10":4,"11":4,"12":4,"13":4,"14":4,"15":4,"16":4,"17":4,"18":4,"19":4,"20":4,"21":4,"22":12,"23":12,"24":12,"25":25,"26":968,"27":1,"28":1,"29":1,"30":32,"31":1,"32":13,"33":13,"34":13,"35":13,"36":13,"37":7,"38":7,"39":6,"40":6,"41":6,"42":6,"43":0,"44":0,"45":0,"46":0,"47":0,"48":13,"49":13,"50":13,"51":5,"52":5,"53":2,"54":3,"55":1,"56":2,"57":1,"58":1,"59":5,"60":5,"61":5,"62":5,"63":2,"64":2,"65":5,"66":0,"67":0,"68":0,"69":0,"70":5,"71":5,"72":5,"73":0,"74":0,"75":5,"76":2,"77":2,"78":5,"79":20,"80":20,"81":4,"82":20,"83":6,"84":20,"85":3,"86":20,"87":6,"88":20,"89":7,"90":7,"91":1,"92":6,"93":6,"94":6,"95":6,"96":6,"97":6,"98":6,"99":6,"100":6,"101":6,"102":6,"103":4,"104":4,"105":4,"106":4,"107":6,"108":6,"109":6,"110":9,"111":9,"112":2,"113":3,"114":3,"115":2,"116":1,"117":4,"118":4,"119":1,"120":3,"121":3,"122":1,"123":2,"124":2,"125":2,"126":2,"127":1,"128":1,"129":0,"130":0,"131":0,"132":0,"133":0,"134":0,"135":0,"136":2,"137":2,"138":1,"139":1,"140":1,"141":1,"142":1,"143":0,"144":1,"145":1,"146":1,"147":1,"148":0,"149":0,"150":0,"151":0,"152":0,"153":0,"154":0,"155":0,"156":0,"157":2,"158":2,"159":2,"160":2,"161":2,"162":2,"163":2,"164":0,"165":0,"166":0,"167":0,"168":0,"169":0,"170":0,"171":0,"172":0,"173":4,"174":4},"f":{"0":12,"1":25,"2":968,"3":1,"4":13,"5":7,"6":6,"7":0,"8":13,"9":5,"10":5,"11":20,"12":7,"13":9,"14":2,"15":3,"16":4,"17":2,"18":2,"19":0},"b":{"0":[13,9],"1":[2,3],"2":[1,2],"3":[1,1],"4":[2,3],"5":[0,5],"6":[0,0],"7":[0,0],"8":[0,0],"9":[0,0],"10":[5,0],"11":[0,5],"12":[2,3],"13":[4,16],"14":[6,14],"15":[3,17],"16":[6,14],"17":[1,6],"18":[4,2],"19":[4,0],"20":[2,1],"21":[3,2],"22":[1,3],"23":[1,2],"24":[2,0],"25":[1,1],"26":[2,2],"27":[0,0],"28":[1,1],"29":[0,1],"30":[1,1],"31":[1,0],"32":[0,0],"33":[0,0],"34":[0,0],"35":[0,0]}}
,"/home/louis/Bureau/Stealf/front-stealf/src/services/coldWallet/signer.ts": {"path":"/home/louis/Bureau/Stealf/front-stealf/src/services/coldWallet/signer.ts","statementMap":{"0":{"start":{"line":92,"column":0},"end":{"line":92,"column":16}},"1":{"start":{"line":104,"column":0},"end":{"line":104,"column":7}},"2":{"start":{"line":8,"column":0},"end":{"line":8,"column":29}},"3":{"start":{"line":36,"column":4},"end":{"line":36,"column":27}},"4":{"start":{"line":43,"column":4},"end":{"line":43,"column":63}},"5":{"start":{"line":50,"column":4},"end":{"line":50,"column":28}},"6":{"start":{"line":51,"column":4},"end":{"line":51,"column":14}},"7":{"start":{"line":58,"column":4},"end":{"line":61,"column":7}},"8":{"start":{"line":59,"column":6},"end":{"line":59,"column":30}},"9":{"start":{"line":60,"column":6},"end":{"line":60,"column":16}},"10":{"start":{"line":68,"column":4},"end":{"line":71,"column":7}},"11":{"start":{"line":69,"column":6},"end":{"line":69,"column":35}},"12":{"start":{"line":70,"column":6},"end":{"line":70,"column":16}},"13":{"start":{"line":78,"column":4},"end":{"line":78,"column":45}},"14":{"start":{"line":85,"column":4},"end":{"line":85,"column":24}},"15":{"start":{"line":32,"column":0},"end":{"line":32,"column":13}},"16":{"start":{"line":93,"column":2},"end":{"line":93,"column":39}},"17":{"start":{"line":110,"column":2},"end":{"line":110,"column":30}},"18":{"start":{"line":113,"column":20},"end":{"line":113,"column":54}},"19":{"start":{"line":115,"column":2},"end":{"line":115,"column":19}},"20":{"start":{"line":118,"column":0},"end":{"line":118,"column":32}}},"fnMap":{"0":{"name":"(anonymous_1)","decl":{"start":{"line":35,"column":2},"end":{"line":35,"column":14}},"loc":{"start":{"line":35,"column":30},"end":{"line":37,"column":3}}},"1":{"name":"(anonymous_2)","decl":{"start":{"line":42,"column":2},"end":{"line":42,"column":7}},"loc":{"start":{"line":42,"column":39},"end":{"line":44,"column":3}}},"2":{"name":"(anonymous_3)","decl":{"start":{"line":49,"column":2},"end":{"line":49,"column":7}},"loc":{"start":{"line":49,"column":48},"end":{"line":52,"column":3}}},"3":{"name":"(anonymous_4)","decl":{"start":{"line":57,"column":2},"end":{"line":57,"column":7}},"loc":{"start":{"line":57,"column":52},"end":{"line":62,"column":3}}},"4":{"name":"(anonymous_5)","decl":{"start":{"line":58,"column":19},"end":{"line":58,"column":21}},"loc":{"start":{"line":58,"column":24},"end":{"line":61,"column":5}}},"5":{"name":"(anonymous_6)","decl":{"start":{"line":67,"column":2},"end":{"line":67,"column":7}},"loc":{"start":{"line":67,"column":46},"end":{"line":72,"column":3}}},"6":{"name":"(anonymous_7)","decl":{"start":{"line":68,"column":19},"end":{"line":68,"column":21}},"loc":{"start":{"line":68,"column":24},"end":{"line":71,"column":5}}},"7":{"name":"(anonymous_8)","decl":{"start":{"line":77,"column":2},"end":{"line":77,"column":7}},"loc":{"start":{"line":77,"column":20},"end":{"line":79,"column":3}}},"8":{"name":"(anonymous_9)","decl":{"start":{"line":84,"column":2},"end":{"line":84,"column":12}},"loc":{"start":{"line":84,"column":12},"end":{"line":86,"column":3}}},"9":{"name":"createSigner","decl":{"start":{"line":92,"column":16},"end":{"line":92,"column":28}},"loc":{"start":{"line":92,"column":45},"end":{"line":94,"column":1}}},"10":{"name":"signAndSendTransaction","decl":{"start":{"line":104,"column":22},"end":{"line":104,"column":44}},"loc":{"start":{"line":107,"column":64},"end":{"line":116,"column":1}}}},"branchMap":{},"s":{"0":2,"1":2,"2":2,"3":0,"4":0,"5":0,"6":0,"7":0,"8":0,"9":0,"10":0,"11":0,"12":0,"13":0,"14":0,"15":2,"16":0,"17":0,"18":0,"19":0,"20":2},"f":{"0":0,"1":0,"2":0,"3":0,"4":0,"5":0,"6":0,"7":0,"8":0,"9":0,"10":0},"b":{}}
}
