TN:
SF:src/services/coldWallet/index.ts
FN:49,generateMnemonic
FN:68,validateMnemonic
FN:85,getWordList
FN:95,isValidWord
FN:110,getWordSuggestions
FN:121,(anonymous_15)
FN:134,deriveKeypair
FN:171,selectVerificationWords
FN:192,(anonymous_18)
FN:196,(anonymous_19)
FN:207,verifyWords
FN:214,(anonymous_21)
FN:220,(anonymous_22)
FNF:13
FNH:13
FNDA:228,generateMnemonic
FNDA:29,validateMnemonic
FNDA:1,getWordList
FNDA:8,isValidWord
FNDA:4,getWordSuggestions
FNDA:6144,(anonymous_15)
FNDA:15,deriveKeypair
FNDA:17,selectVerificationWords
FNDA:62,(anonymous_18)
FNDA:53,(anonymous_19)
FNDA:7,verifyWords
FNDA:3,(anonymous_21)
FNDA:18,(anonymous_22)
DA:11,2
DA:13,2
DA:14,2
DA:15,2
DA:18,2
DA:49,2
DA:52,228
DA:53,228
DA:55,228
DA:68,2
DA:69,29
DA:70,1
DA:74,28
DA:76,28
DA:85,2
DA:86,1
DA:95,2
DA:96,8
DA:97,1
DA:99,7
DA:110,2
DA:111,4
DA:112,1
DA:115,3
DA:116,3
DA:117,0
DA:120,3
DA:121,6144
DA:134,2
DA:139,15
DA:140,1
DA:144,14
DA:147,14
DA:150,14
DA:154,14
DA:155,14
DA:157,14
DA:171,2
DA:175,17
DA:176,17
DA:178,17
DA:179,0
DA:183,17
DA:184,17
DA:185,60
DA:186,60
DA:187,53
DA:192,62
DA:194,17
DA:196,53
DA:207,2
DA:211,7
DA:212,1
DA:214,3
DA:218,6
DA:220,6
DA:221,18
DA:222,18
DA:224,18
DA:225,4
DA:229,6
DA:236,2
DA:249,2
DA:250,2
DA:252,2
LF:65
LH:63
BRDA:49,0,0,0
BRDA:53,1,0,223
BRDA:53,1,1,5
BRDA:69,2,0,1
BRDA:69,2,1,28
BRDA:69,3,0,29
BRDA:69,3,1,28
BRDA:96,4,0,1
BRDA:96,4,1,7
BRDA:96,5,0,8
BRDA:96,5,1,7
BRDA:110,6,0,3
BRDA:111,7,0,1
BRDA:111,7,1,3
BRDA:111,8,0,4
BRDA:111,8,1,3
BRDA:116,9,0,0
BRDA:116,9,1,3
BRDA:136,10,0,15
BRDA:139,11,0,1
BRDA:139,11,1,14
BRDA:173,12,0,15
BRDA:178,13,0,0
BRDA:178,13,1,17
BRDA:186,14,0,53
BRDA:186,14,1,7
BRDA:211,15,0,1
BRDA:211,15,1,6
BRDA:224,16,0,4
BRDA:224,16,1,14
BRF:30
BRH:27
end_of_record
TN:
SF:src/services/coldWallet/secureStorage.ts
FN:63,getRandomBytes
FN:72,bytesToHex
FN:74,(anonymous_12)
FN:81,hexToBytes
FN:93,deriveKey
FN:124,hashPassword
FN:132,encryptAES
FN:158,decryptAES
FN:182,isBiometricsAvailable
FN:191,getBiometricType
FN:210,checkDeviceSecurity
FN:267,validatePasswordStrength
FN:293,saveWallet
FN:355,hasWallet
FN:363,getStoredPublicKey
FN:370,getStoredAuthMethod
FN:381,unlockWithBiometrics
FN:434,unlockWithPassword
FN:481,deleteWallet
FN:494,changePassword
FNF:20
FNH:18
FNDA:12,getRandomBytes
FNDA:25,bytesToHex
FNDA:968,(anonymous_12)
FNDA:1,hexToBytes
FNDA:13,deriveKey
FNDA:7,hashPassword
FNDA:6,encryptAES
FNDA:0,decryptAES
FNDA:13,isBiometricsAvailable
FNDA:5,getBiometricType
FNDA:5,checkDeviceSecurity
FNDA:20,validatePasswordStrength
FNDA:7,saveWallet
FNDA:9,hasWallet
FNDA:2,getStoredPublicKey
FNDA:3,getStoredAuthMethod
FNDA:4,unlockWithBiometrics
FNDA:2,unlockWithPassword
FNDA:2,deleteWallet
FNDA:0,changePassword
DA:9,4
DA:10,4
DA:11,4
DA:12,4
DA:13,4
DA:14,4
DA:17,4
DA:28,4
DA:29,4
DA:30,4
DA:64,12
DA:65,12
DA:66,12
DA:73,25
DA:74,968
DA:82,1
DA:83,1
DA:84,32
DA:86,1
DA:94,13
DA:95,13
DA:98,13
DA:107,13
DA:118,13
DA:125,7
DA:126,7
DA:133,6
DA:135,6
DA:143,6
DA:149,6
DA:159,0
DA:160,0
DA:162,0
DA:170,0
DA:176,0
DA:182,4
DA:183,13
DA:184,13
DA:185,13
DA:191,4
DA:192,5
DA:194,5
DA:195,2
DA:197,3
DA:198,1
DA:200,2
DA:201,1
DA:204,1
DA:210,4
DA:211,5
DA:212,5
DA:213,5
DA:216,5
DA:217,2
DA:218,2
DA:222,5
DA:225,0
DA:226,0
DA:228,0
DA:229,0
DA:236,5
DA:245,5
DA:247,5
DA:248,0
DA:249,0
DA:250,5
DA:251,2
DA:252,2
DA:255,5
DA:267,4
DA:268,20
DA:270,20
DA:271,4
DA:273,20
DA:274,6
DA:276,20
DA:277,3
DA:279,20
DA:280,6
DA:283,20
DA:293,4
DA:299,7
DA:300,7
DA:301,1
DA:305,6
DA:306,6
DA:309,6
DA:312,6
DA:315,6
DA:318,6
DA:319,6
DA:322,6
DA:325,6
DA:326,6
DA:329,6
DA:330,4
DA:331,4
DA:334,4
DA:335,4
DA:347,6
DA:348,6
DA:349,6
DA:355,4
DA:356,9
DA:357,9
DA:363,4
DA:364,2
DA:370,4
DA:371,3
DA:372,3
DA:373,2
DA:375,1
DA:381,4
DA:383,4
DA:384,4
DA:385,1
DA:389,3
DA:390,3
DA:391,1
DA:394,2
DA:396,2
DA:402,2
DA:403,2
DA:404,1
DA:406,1
DA:410,0
DA:415,0
DA:417,0
DA:421,0
DA:422,0
DA:424,0
DA:427,0
DA:434,4
DA:436,2
DA:437,2
DA:438,1
DA:441,1
DA:443,1
DA:444,1
DA:446,1
DA:447,0
DA:451,1
DA:452,1
DA:454,1
DA:455,1
DA:459,0
DA:460,0
DA:461,0
DA:465,0
DA:466,0
DA:467,0
DA:470,0
DA:472,0
DA:474,0
DA:481,4
DA:482,2
DA:483,2
DA:484,2
DA:485,2
DA:486,2
DA:487,2
DA:488,2
DA:494,4
DA:499,0
DA:500,0
DA:501,0
DA:505,0
DA:506,0
DA:507,0
DA:511,0
DA:514,0
DA:516,0
DA:520,4
DA:545,4
LF:174
LH:137
BRDA:185,0,0,13
BRDA:185,0,1,9
BRDA:194,1,0,2
BRDA:194,1,1,3
BRDA:197,2,0,1
BRDA:197,2,1,2
BRDA:200,3,0,1
BRDA:200,3,1,1
BRDA:216,4,0,2
BRDA:216,4,1,3
BRDA:222,5,0,0
BRDA:222,5,1,5
BRDA:225,6,0,0
BRDA:225,6,1,0
BRDA:226,7,0,0
BRDA:226,7,1,0
BRDA:228,8,0,0
BRDA:228,8,1,0
BRDA:228,9,0,0
BRDA:228,9,1,0
BRDA:236,10,0,5
BRDA:236,10,1,0
BRDA:247,11,0,0
BRDA:247,11,1,5
BRDA:250,12,0,2
BRDA:250,12,1,3
BRDA:270,13,0,4
BRDA:270,13,1,16
BRDA:273,14,0,6
BRDA:273,14,1,14
BRDA:276,15,0,3
BRDA:276,15,1,17
BRDA:279,16,0,6
BRDA:279,16,1,14
BRDA:300,17,0,1
BRDA:300,17,1,6
BRDA:329,18,0,4
BRDA:329,18,1,2
BRDA:331,19,0,4
BRDA:331,19,1,0
BRDA:372,20,0,2
BRDA:372,20,1,1
BRDA:372,21,0,3
BRDA:372,21,1,2
BRDA:384,22,0,1
BRDA:384,22,1,3
BRDA:390,23,0,1
BRDA:390,23,1,2
BRDA:402,24,0,2
BRDA:402,24,1,0
BRDA:403,25,0,1
BRDA:403,25,1,1
BRDA:403,26,0,2
BRDA:403,26,1,2
BRDA:415,27,0,0
BRDA:415,27,1,0
BRDA:437,28,0,1
BRDA:437,28,1,1
BRDA:446,29,0,0
BRDA:446,29,1,1
BRDA:446,30,0,1
BRDA:446,30,1,1
BRDA:454,31,0,1
BRDA:454,31,1,0
BRDA:460,32,0,0
BRDA:460,32,1,0
BRDA:500,33,0,0
BRDA:500,33,1,0
BRDA:506,34,0,0
BRDA:506,34,1,0
BRDA:511,35,0,0
BRDA:511,35,1,0
BRF:72
BRH:47
end_of_record
TN:
SF:src/services/coldWallet/signer.ts
FN:35,(anonymous_1)
FN:42,(anonymous_2)
FN:49,(anonymous_3)
FN:57,(anonymous_4)
FN:58,(anonymous_5)
FN:67,(anonymous_6)
FN:68,(anonymous_7)
FN:77,(anonymous_8)
FN:84,(anonymous_9)
FN:92,createSigner
FN:104,signAndSendTransaction
FNF:11
FNH:0
FNDA:0,(anonymous_1)
FNDA:0,(anonymous_2)
FNDA:0,(anonymous_3)
FNDA:0,(anonymous_4)
FNDA:0,(anonymous_5)
FNDA:0,(anonymous_6)
FNDA:0,(anonymous_7)
FNDA:0,(anonymous_8)
FNDA:0,(anonymous_9)
FNDA:0,createSigner
FNDA:0,signAndSendTransaction
DA:8,2
DA:32,2
DA:36,0
DA:43,0
DA:50,0
DA:51,0
DA:58,0
DA:59,0
DA:60,0
DA:68,0
DA:69,0
DA:70,0
DA:78,0
DA:85,0
DA:92,2
DA:93,0
DA:104,2
DA:110,0
DA:113,0
DA:115,0
DA:118,2
LF:21
LH:5
BRF:0
BRH:0
end_of_record
